<?xml version="1.0" encoding="UTF-8"?>
<testsuite xmlns:xsi="http://www.w3.org/2001/XMLSchema-instance" xsi:noNamespaceSchemaLocation="https://maven.apache.org/surefire/maven-surefire-plugin/xsd/surefire-test-report-3.0.xsd" version="3.0" name="com.cumulusclouds.w4153cumuluscloudsmsusermanagement.W4153cumuluscloudsmsusermanagementApplicationTests" time="18.046" tests="1" errors="0" skipped="0" failures="0">
  <properties>
[...]
</properties>
  <testcase name="contextLoads" classname="com.cumulusclouds.w4153cumuluscloudsmsusermanagement.W4153cumuluscloudsmsusermanagementApplicationTests" time="0.801">
    <system-out><![CDATA[22:13:18.266 [main] INFO org.springframework.test.context.support.AnnotationConfigContextLoaderUtils -- Could not detect default configuration classes for test class [com.cumulusclouds.w4153cumuluscloudsmsusermanagement.W4153cumuluscloudsmsusermanagementApplicationTests]: W4153cumuluscloudsmsusermanagementApplicationTests does not declare any static, non-private, non-final, nested classes annotated with @Configuration.
22:13:18.460 [main] INFO org.springframework.boot.test.context.SpringBootTestContextBootstrapper -- Found @SpringBootConfiguration com.cumulusclouds.w4153cumuluscloudsmsusermanagement.W4153cumuluscloudsmsusermanagementApplication for test class com.cumulusclouds.w4153cumuluscloudsmsusermanagement.W4153cumuluscloudsmsusermanagementApplicationTests
22:13:18.878 [main] INFO org.springframework.boot.devtools.restart.RestartApplicationListener -- Restart disabled due to context in which it is running

  .   ____          _            __ _ _
 /\\ / ___'_ __ _ _(_)_ __  __ _ \ \ \ \
( ( )\___ | '_ | '_| | '_ \/ _` | \ \ \ \
 \\/  ___)| |_)| | | | | || (_| |  ) ) ) )
  '  |____| .__|_| |_|_| |_\__, | / / / /
 =========|_|==============|___/=/_/_/_/

 :: Spring Boot ::                (v3.3.5)

2024-12-17T22:13:19.457-05:00  INFO 31004 --- [w4153cumuluscloudsmsusermanagement] [           main] uscloudsmsusermanagementApplicationTests : Starting W4153cumuluscloudsmsusermanagementApplicationTests using Java 17.0.11 with PID 31004 (started by ashle in C:\Columbia\Classes\3rd Year\Cloud Computing\MuseLink\W4153-Cumulus-Clouds-MS-UserManagement)
2024-12-17T22:13:19.461-05:00  INFO 31004 --- [w4153cumuluscloudsmsusermanagement] [           main] uscloudsmsusermanagementApplicationTests : No active profile set, falling back to 1 default profile: "default"
2024-12-17T22:13:22.389-05:00  INFO 31004 --- [w4153cumuluscloudsmsusermanagement] [           main] .s.d.r.c.RepositoryConfigurationDelegate : Bootstrapping Spring Data JPA repositories in DEFAULT mode.
2024-12-17T22:13:22.578-05:00  INFO 31004 --- [w4153cumuluscloudsmsusermanagement] [           main] .s.d.r.c.RepositoryConfigurationDelegate : Finished Spring Data repository scanning in 168 ms. Found 3 JPA repository interfaces.
2024-12-17T22:13:24.478-05:00  INFO 31004 --- [w4153cumuluscloudsmsusermanagement] [           main] o.hibernate.jpa.internal.util.LogHelper  : HHH000204: Processing PersistenceUnitInfo [name: default]
2024-12-17T22:13:24.601-05:00  INFO 31004 --- [w4153cumuluscloudsmsusermanagement] [           main] org.hibernate.Version                    : HHH000412: Hibernate ORM core version 6.5.3.Final
2024-12-17T22:13:24.642-05:00  INFO 31004 --- [w4153cumuluscloudsmsusermanagement] [           main] o.h.c.internal.RegionFactoryInitiator    : HHH000026: Second-level cache disabled
2024-12-17T22:13:25.667-05:00  INFO 31004 --- [w4153cumuluscloudsmsusermanagement] [           main] o.s.o.j.p.SpringPersistenceUnitInfo      : No LoadTimeWeaver setup: ignoring JPA class transformer
2024-12-17T22:13:25.729-05:00  INFO 31004 --- [w4153cumuluscloudsmsusermanagement] [           main] com.zaxxer.hikari.HikariDataSource       : HikariPool-1 - Starting...
2024-12-17T22:13:26.493-05:00  INFO 31004 --- [w4153cumuluscloudsmsusermanagement] [           main] com.zaxxer.hikari.pool.HikariPool        : HikariPool-1 - Added connection org.postgresql.jdbc.PgConnection@79b4cff
2024-12-17T22:13:26.497-05:00  INFO 31004 --- [w4153cumuluscloudsmsusermanagement] [           main] com.zaxxer.hikari.HikariDataSource       : HikariPool-1 - Start completed.
2024-12-17T22:13:26.569-05:00  WARN 31004 --- [w4153cumuluscloudsmsusermanagement] [           main] org.hibernate.orm.deprecation            : HHH90000025: PostgreSQLDialect does not need to be specified explicitly using 'hibernate.dialect' (remove the property setting and it will be selected by default)
2024-12-17T22:13:28.887-05:00  INFO 31004 --- [w4153cumuluscloudsmsusermanagement] [           main] o.h.e.t.j.p.i.JtaPlatformInitiator       : HHH000489: No JTA platform available (set 'hibernate.transaction.jta.platform' to enable JTA platform integration)
2024-12-17T22:13:29.401-05:00  INFO 31004 --- [w4153cumuluscloudsmsusermanagement] [           main] j.LocalContainerEntityManagerFactoryBean : Initialized JPA EntityManagerFactory for persistence unit 'default'
2024-12-17T22:13:31.345-05:00  WARN 31004 --- [w4153cumuluscloudsmsusermanagement] [           main] JpaBaseConfiguration$JpaWebConfiguration : spring.jpa.open-in-view is enabled by default. Therefore, database queries may be performed during view rendering. Explicitly configure spring.jpa.open-in-view to disable this warning
2024-12-17T22:13:31.712-05:00  WARN 31004 --- [w4153cumuluscloudsmsusermanagement] [           main] .s.s.UserDetailsServiceAutoConfiguration : 

Using generated security password: 8fd5ec54-d5d3-40e9-b49f-379bbf2f4c12

This generated password is for development use only. Your security configuration must be updated before running your application in production.

2024-12-17T22:13:31.728-05:00  INFO 31004 --- [w4153cumuluscloudsmsusermanagement] [           main] r$InitializeUserDetailsManagerConfigurer : Global AuthenticationManager configured with UserDetailsService bean with name inMemoryUserDetailsManager
2024-12-17T22:13:32.762-05:00  INFO 31004 --- [w4153cumuluscloudsmsusermanagement] [           main] o.s.b.a.e.web.EndpointLinksResolver      : Exposing 1 endpoint beneath base path '/actuator'
Initializing SecurityFilterChain...
2024-12-17T22:13:32.981-05:00 DEBUG 31004 --- [w4153cumuluscloudsmsusermanagement] [           main] o.s.s.web.DefaultSecurityFilterChain     : Will secure any request with filters: DisableEncodeUrlFilter, WebAsyncManagerIntegrationFilter, SecurityContextHolderFilter, HeaderWriterFilter, CorsFilter, LogoutFilter, JwtAuthenticationFilter, RequestCacheAwareFilter, SecurityContextHolderAwareRequestFilter, AnonymousAuthenticationFilter, ExceptionTranslationFilter, AuthorizationFilter
2024-12-17T22:13:34.960-05:00  INFO 31004 --- [w4153cumuluscloudsmsusermanagement] [           main] uscloudsmsusermanagementApplicationTests : Started W4153cumuluscloudsmsusermanagementApplicationTests in 16.105 seconds (process running for 18.178)
]]></system-out>
  </testcase>
</testsuite>